
/home/runner/work/exp-choleskys-method-iitb/exp-choleskys-method-iitb/experiment/simulation/common_libraries/js/ts_components/collapse_step.js
   1:10  warning  'show_step' is defined but never used                 no-unused-vars
   2:5   warning  '$' is not defined                                    no-undef
   3:9   warning  '$' is not defined                                    no-undef
   6:10  warning  'hide_step' is defined but never used                 no-unused-vars
   7:5   warning  '$' is not defined                                    no-undef
   8:9   warning  '$' is not defined                                    no-undef
  11:10  warning  'get_collapse_btn_text' is defined but never used     no-unused-vars
  20:10  warning  'get_collapse_btn_element' is defined but never used  no-unused-vars
  29:10  warning  'hide_all_steps' is defined but never used            no-unused-vars
  31:9   warning  '$' is not defined                                    no-undef

/home/runner/work/exp-choleskys-method-iitb/exp-choleskys-method-iitb/experiment/simulation/common_libraries/js/ts_components/matrix.js
   27:26  warning  'MathJax' is not defined                                no-undef
   32:7   warning  'Matrix_Without_String' is defined but never used       no-unused-vars
   52:26  warning  'MathJax' is not defined                                no-undef
   56:10  warning  'get_matrix_html' is defined but never used             no-unused-vars
   87:13  warning  'row_html' is assigned a value but never used           no-unused-vars
   99:10  warning  'get_matrix_html_with_title' is defined but never used  no-unused-vars
  131:13  warning  'row_html' is assigned a value but never used           no-unused-vars
  143:10  warning  'convert_2d_to_1d_vector' is defined but never used     no-unused-vars
  156:10  warning  'convert_1d_to_2d_matrix' is defined but never used     no-unused-vars

/home/runner/work/exp-choleskys-method-iitb/exp-choleskys-method-iitb/experiment/simulation/common_libraries/js/ts_components/pannel.js
  8:7  warning  'Pannel' is defined but never used  no-unused-vars

/home/runner/work/exp-choleskys-method-iitb/exp-choleskys-method-iitb/experiment/simulation/common_libraries/js/ts_components/questions.js
   6:17  warning  'op1' is assigned a value but never used      no-unused-vars
   7:17  warning  'op2' is assigned a value but never used      no-unused-vars
   8:17  warning  'op3' is assigned a value but never used      no-unused-vars
   9:17  warning  'op4' is assigned a value but never used      no-unused-vars
  94:7   warning  'Question_Options' is defined but never used  no-unused-vars

/home/runner/work/exp-choleskys-method-iitb/exp-choleskys-method-iitb/experiment/simulation/common_libraries/js/ts_components/tables.js
   19:22  warning  'verify_values' is not defined                                     no-undef
  137:22  warning  'verify_values' is not defined                                     no-undef
  260:7   warning  'Verify_Rows_Cols_6_decimal_places' is defined but never used      no-unused-vars
  311:22  warning  'verify_values' is not defined                                     no-undef
  416:7   warning  'Verify_Rows_Cols_Custom_Fixed_Update1' is defined but never used  no-unused-vars
  468:7   warning  'Show_Table_Custom_Fixed' is defined but never used                no-unused-vars
  506:7   warning  'Verify_Rows_Cols_Strings' is defined but never used               no-unused-vars
  527:22  warning  'verify_values' is not defined                                     no-undef
  663:7   warning  'Display_Table' is defined but never used                          no-unused-vars

/home/runner/work/exp-choleskys-method-iitb/exp-choleskys-method-iitb/experiment/simulation/common_libraries/js/ts_math_library/general_math_functions.js
    1:10  warning  'verify_values' is defined but never used                   no-unused-vars
   17:10  warning  'random1' is defined but never used                         no-unused-vars
   21:10  warning  'std_deviation' is defined but never used                   no-unused-vars
   26:10  warning  'gauss' is defined but never used                           no-unused-vars
   56:10  warning  'hide_panel' is defined but never used                      no-unused-vars
   63:10  warning  'inverse_matrix' is defined but never used                  no-unused-vars
   96:10  warning  'matrix_multiplication' is defined but never used           no-unused-vars
  113:10  warning  'transpose_matrix' is defined but never used                no-unused-vars
  123:10  warning  'matrix_multiplication_8decimal' is defined but never used  no-unused-vars
  140:10  warning  'adjoint_2x2_matrix' is defined but never used              no-unused-vars
  145:10  warning  'find_deteminant' is defined but never used                 no-unused-vars
  174:10  warning  'get_Submatrix' is defined but never used                   no-unused-vars

/home/runner/work/exp-choleskys-method-iitb/exp-choleskys-method-iitb/experiment/simulation/common_libraries/js/ts_math_library/regression.js
   1:10  warning  'regression_linear' is defined but never used            no-unused-vars
  18:10  warning  'regression_linear_1variable' is defined but never used  no-unused-vars
  27:10  warning  'regression_linear_2variable' is defined but never used  no-unused-vars
  52:11  warning  'gauss' is not defined                                   no-undef

/home/runner/work/exp-choleskys-method-iitb/exp-choleskys-method-iitb/experiment/simulation/common_libraries/math.ob.js
  1:745  warning  'b' is already defined  no-redeclare

/home/runner/work/exp-choleskys-method-iitb/exp-choleskys-method-iitb/experiment/simulation/js/activity1.js
   21:9    warning  'MathJax' is not defined                       no-undef
   27:23   warning  'get_matrix_html' is not defined               no-undef
   45:10   warning  'start_act1' is defined but never used         no-unused-vars
   50:20   warning  'get_collapse_btn_text' is not defined         no-undef
   55:44   warning  'get_matrix_html_with_title' is not defined    no-undef
   55:77   warning  'mat_a' is not defined                         no-undef
   55:180  warning  'get_matrix_html_with_title' is not defined    no-undef
   55:213  warning  'mat_c' is not defined                         no-undef
   68:5    warning  'hide_all_steps' is not defined                no-undef
   71:9    warning  'MathJax' is not defined                       no-undef
   73:22   warning  'show_step' is not defined                     no-undef
   75:10   warning  'verify_matrix_a_c' is defined but never used  no-unused-vars
   78:9    warning  'inp_c' is defined but never used              no-unused-vars
   79:32   warning  'mat_l' is not defined                         no-undef
   84:18   warning  'verify_values' is not defined                 no-undef
   84:57   warning  'mat_l' is not defined                         no-undef
   93:5    warning  'activity2' is not defined                     no-undef
   96:5    warning  'mat_l' is not defined                         no-undef
   96:13   warning  'lower_L' is not defined                       no-undef
   96:21   warning  'mat_a' is not defined                         no-undef
   97:25   warning  'mat_l' is not defined                         no-undef
   98:29   warning  'mat_l' is not defined                         no-undef
   99:17   warning  'mat_l' is not defined                         no-undef
  100:17   warning  'mat_l' is not defined                         no-undef
  100:42   warning  'mat_l' is not defined                         no-undef
  107:42   warning  'get_matrix_html' is not defined               no-undef
  107:64   warning  'mat_l' is not defined                         no-undef

/home/runner/work/exp-choleskys-method-iitb/exp-choleskys-method-iitb/experiment/simulation/js/activity2.js
   1:10   warning  'activity2' is defined but never used         no-unused-vars
  16:5    warning  'maindiv' is not defined                      no-undef
  18:9    warning  'MathJax' is not defined                      no-undef
  21:10   warning  'start_act2' is defined but never used        no-unused-vars
  26:27   warning  'get_matrix_html' is not defined              no-undef
  31:20   warning  'get_collapse_btn_text' is not defined        no-undef
  43:15   warning  'get_matrix_html_with_title' is not defined   no-undef
  43:48   warning  'mat_l' is not defined                        no-undef
  43:151  warning  'get_matrix_html_with_title' is not defined   no-undef
  43:184  warning  'mat_c' is not defined                        no-undef
  55:5    warning  'maindiv' is not defined                      no-undef
  56:5    warning  'hide_all_steps' is not defined               no-undef
  59:9    warning  'MathJax' is not defined                      no-undef
  61:22   warning  'show_step' is not defined                    no-undef
  66:12   warning  'mat_c' is not defined                        no-undef
  67:12   warning  'mat_c' is not defined                        no-undef
  68:12   warning  'mat_c' is not defined                        no-undef
  69:9    warning  'get_z' is not defined                        no-undef
  69:15   warning  'mat_l' is not defined                        no-undef
  70:5    warning  'mat_z' is not defined                        no-undef
  71:5    warning  'mat_z' is not defined                        no-undef
  72:5    warning  'mat_c' is not defined                        no-undef
  73:5    warning  'mat_c' is not defined                        no-undef
  75:10   warning  'verify_matrix_ut' is defined but never used  no-unused-vars
  77:9    warning  'inp_a' is defined but never used             no-unused-vars
  79:32   warning  'mat_z' is not defined                        no-undef
  83:14   warning  'verify_values' is not defined                no-undef
  83:53   warning  'mat_z' is not defined                        no-undef
  91:5    warning  'activity3' is not defined                    no-undef
  95:42   warning  'get_matrix_html' is not defined              no-undef
  95:64   warning  'mat_z' is not defined                        no-undef

/home/runner/work/exp-choleskys-method-iitb/exp-choleskys-method-iitb/experiment/simulation/js/activity3.js
   1:10   warning  'activity3' is defined but never used         no-unused-vars
  16:5    warning  'maindiv' is not defined                      no-undef
  19:9    warning  'MathJax' is not defined                      no-undef
  22:10   warning  'start_act3' is defined but never used        no-unused-vars
  27:27   warning  'get_matrix_html' is not defined              no-undef
  32:20   warning  'get_collapse_btn_text' is not defined        no-undef
  41:44   warning  'get_matrix_html_with_title' is not defined   no-undef
  41:77   warning  'mat_trans_l' is not defined                  no-undef
  41:199  warning  'get_matrix_html_with_title' is not defined   no-undef
  41:232  warning  'mat_z' is not defined                        no-undef
  55:5    warning  'maindiv' is not defined                      no-undef
  56:5    warning  'hide_all_steps' is not defined               no-undef
  59:9    warning  'MathJax' is not defined                      no-undef
  61:22   warning  'show_step' is not defined                    no-undef
  65:12   warning  'mat_z' is not defined                        no-undef
  66:12   warning  'mat_z' is not defined                        no-undef
  67:12   warning  'mat_z' is not defined                        no-undef
  68:17   warning  'mat_z' is not defined                        no-undef
  69:5    warning  'mat_x' is not defined                        no-undef
  69:13   warning  'get_x' is not defined                        no-undef
  69:19   warning  'mat_trans_l' is not defined                  no-undef
  70:5    warning  'mat_z' is not defined                        no-undef
  71:5    warning  'mat_z' is not defined                        no-undef
  73:10   warning  'verify_matrix_bs' is defined but never used  no-unused-vars
  76:32   warning  'mat_x' is not defined                        no-undef
  80:14   warning  'verify_values' is not defined                no-undef
  80:53   warning  'mat_x' is not defined                        no-undef
  88:5    warning  'maindiv' is not defined                      no-undef
  95:25   warning  'mat_l' is not defined                        no-undef
  96:29   warning  'mat_l' is not defined                        no-undef
  97:13   warning  'mat_trans_l' is not defined                  no-undef
  97:33   warning  'mat_l' is not defined                        no-undef

/home/runner/work/exp-choleskys-method-iitb/exp-choleskys-method-iitb/experiment/simulation/js/cholesky.js
   1:10  warning  'lower_L' is defined but never used  no-unused-vars
   3:34  warning  'x' is defined but never used        no-unused-vars
   4:5   warning  Unnecessary semicolon                no-extra-semi
  25:10  warning  'get_z' is defined but never used    no-unused-vars
  37:10  warning  'get_x' is defined but never used    no-unused-vars

/home/runner/work/exp-choleskys-method-iitb/exp-choleskys-method-iitb/experiment/simulation/js/data.js
  30:5  warning  'mat_l' is assigned a value but never used        no-unused-vars
  31:5  warning  'mat_z' is assigned a value but never used        no-unused-vars
  32:5  warning  'mat_trans_l' is assigned a value but never used  no-unused-vars
  58:5  warning  'mat_x' is assigned a value but never used        no-unused-vars

/home/runner/work/exp-choleskys-method-iitb/exp-choleskys-method-iitb/experiment/simulation/js/gauss_ele.js
  42:10  warning  'gauss_ele' is defined but never used  no-unused-vars

/home/runner/work/exp-choleskys-method-iitb/exp-choleskys-method-iitb/experiment/simulation/js/screen_size.js
  1:10  warning  'set_screen_size' is defined but never used  no-unused-vars

✖ 152 problems (0 errors, 152 warnings)
  0 errors and 1 warning potentially fixable with the `--fix` option.

